<?xml version="1.0" encoding="UTF-8"?>
<!-- Generated by org.testng.reporters.JUnitReportReporter -->
<testsuite hostname="DESKTOP-I6BSOKI" failures="0" tests="1" name="RegressionSuite.LoginTest" time="0.560" errors="0" timestamp="2024-03-29T14:42:47 GMT" skipped="0">
  <testcase classname="RegressionSuite.LoginTest" name="LoginWithCorrectCredentials" time="0.560"/>
</testsuite> <!-- RegressionSuite.LoginTest -->
