<?xml version="1.0" encoding="UTF-8"?>
<!-- Generated by org.testng.reporters.JUnitReportReporter -->
<testsuite hostname="DESKTOP-I6BSOKI" failures="0" tests="2" name="RegressionSuite.LoginTest" time="4.325" errors="0" timestamp="2024-03-29T14:47:42 GMT" skipped="0">
  <testcase classname="RegressionSuite.LoginTest" name="LoginWithCorrectCredentials" time="1.236"/>
  <testcase classname="RegressionSuite.LoginTest" name="LoginWithInvalidCredential" time="3.089"/>
</testsuite> <!-- RegressionSuite.LoginTest -->
